<?xml version="1.0" encoding="UTF-8"?>
<coverage generated="1698270144930" clover="3.2.0">
  <project timestamp="1698270144930" name="All files">
    <metrics statements="23" coveredstatements="23" conditionals="2" coveredconditionals="1" methods="10" coveredmethods="8" elements="35" coveredelements="32" complexity="0" loc="23" ncloc="23" packages="1" files="3" classes="3"/>
    <file name="components.ts" path="C:\Users\34645\Desktop\202309-w3ch3-carlos-solis\src\components\components.ts">
      <metrics statements="9" coveredstatements="9" conditionals="2" coveredconditionals="1" methods="2" coveredmethods="2"/>
      <line num="2" count="2" type="stmt"/>
      <line num="3" count="2" type="stmt"/>
      <line num="4" count="2" type="stmt"/>
      <line num="5" count="2" type="stmt"/>
      <line num="7" count="2" type="stmt"/>
      <line num="11" count="2" type="stmt"/>
      <line num="12" count="2" type="cond" truecount="0" falsecount="1"/>
      <line num="13" count="2" type="stmt"/>
      <line num="14" count="2" type="stmt"/>
    </file>
    <file name="footer.ts" path="C:\Users\34645\Desktop\202309-w3ch3-carlos-solis\src\components\footer.ts">
      <metrics statements="7" coveredstatements="7" conditionals="0" coveredconditionals="0" methods="4" coveredmethods="3"/>
      <line num="1" count="1" type="stmt"/>
      <line num="3" count="1" type="stmt"/>
      <line num="5" count="1" type="stmt"/>
      <line num="6" count="1" type="stmt"/>
      <line num="7" count="1" type="stmt"/>
      <line num="13" count="1" type="stmt"/>
      <line num="17" count="1" type="stmt"/>
    </file>
    <file name="header.ts" path="C:\Users\34645\Desktop\202309-w3ch3-carlos-solis\src\components\header.ts">
      <metrics statements="7" coveredstatements="7" conditionals="0" coveredconditionals="0" methods="4" coveredmethods="3"/>
      <line num="1" count="1" type="stmt"/>
      <line num="3" count="1" type="stmt"/>
      <line num="5" count="1" type="stmt"/>
      <line num="6" count="1" type="stmt"/>
      <line num="7" count="1" type="stmt"/>
      <line num="13" count="1" type="stmt"/>
      <line num="17" count="1" type="stmt"/>
    </file>
  </project>
</coverage>
