{"C:\\Users\\34645\\Desktop\\202309-w3ch3-carlos-solis\\src\\components\\components.ts": {"path":"C:\\Users\\34645\\Desktop\\202309-w3ch3-carlos-solis\\src\\components\\components.ts","statementMap":{"0":{"start":{"line":3,"column":2},"end":{"line":3,"column":null}},"1":{"start":{"line":4,"column":2},"end":{"line":4,"column":null}},"2":{"start":{"line":5,"column":2},"end":{"line":5,"column":null}},"3":{"start":{"line":7,"column":4},"end":{"line":7,"column":29}},"4":{"start":{"line":11,"column":20},"end":{"line":11,"column":57}},"5":{"start":{"line":12,"column":4},"end":{"line":12,"column":25}},"6":{"start":{"line":12,"column":18},"end":{"line":12,"column":25}},"7":{"start":{"line":13,"column":4},"end":{"line":13,"column":56}},"8":{"start":{"line":14,"column":4},"end":{"line":14,"column":45}},"9":{"start":{"line":2,"column":0},"end":{"line":2,"column":22}}},"fnMap":{"0":{"name":"(anonymous_0)","decl":{"start":{"line":6,"column":2},"end":{"line":6,"column":14}},"loc":{"start":{"line":6,"column":30},"end":{"line":8,"column":3}}},"1":{"name":"(anonymous_1)","decl":{"start":{"line":10,"column":2},"end":{"line":10,"column":8}},"loc":{"start":{"line":10,"column":47},"end":{"line":15,"column":3}}}},"branchMap":{"0":{"loc":{"start":{"line":10,"column":9},"end":{"line":10,"column":47}},"type":"default-arg","locations":[{"start":{"line":10,"column":36},"end":{"line":10,"column":47}}]},"1":{"loc":{"start":{"line":12,"column":4},"end":{"line":12,"column":25}},"type":"if","locations":[{"start":{"line":12,"column":4},"end":{"line":12,"column":25}}]}},"s":{"0":2,"1":2,"2":2,"3":2,"4":2,"5":2,"6":0,"7":2,"8":2,"9":2},"f":{"0":2,"1":2},"b":{"0":[2],"1":[0]}}
,"C:\\Users\\34645\\Desktop\\202309-w3ch3-carlos-solis\\src\\components\\footer.ts": {"path":"C:\\Users\\34645\\Desktop\\202309-w3ch3-carlos-solis\\src\\components\\footer.ts","statementMap":{"0":{"start":{"line":1,"column":0},"end":{"line":1,"column":41}},"1":{"start":{"line":5,"column":4},"end":{"line":5,"column":20}},"2":{"start":{"line":6,"column":4},"end":{"line":6,"column":42}},"3":{"start":{"line":7,"column":4},"end":{"line":7,"column":18}},"4":{"start":{"line":13,"column":4},"end":{"line":13,"column":19}},"5":{"start":{"line":17,"column":4},"end":{"line":17,"column":42}},"6":{"start":{"line":3,"column":0},"end":{"line":3,"column":13}}},"fnMap":{"0":{"name":"(anonymous_0)","decl":{"start":{"line":4,"column":2},"end":{"line":4,"column":14}},"loc":{"start":{"line":4,"column":30},"end":{"line":8,"column":3}}},"1":{"name":"(anonymous_1)","decl":{"start":{"line":10,"column":2},"end":{"line":10,"column":17}},"loc":{"start":{"line":10,"column":17},"end":{"line":10,"column":22}}},"2":{"name":"(anonymous_2)","decl":{"start":{"line":12,"column":2},"end":{"line":12,"column":8}},"loc":{"start":{"line":12,"column":8},"end":{"line":14,"column":3}}},"3":{"name":"(anonymous_3)","decl":{"start":{"line":16,"column":2},"end":{"line":16,"column":16}},"loc":{"start":{"line":16,"column":16},"end":{"line":18,"column":3}}}},"branchMap":{},"s":{"0":1,"1":1,"2":1,"3":1,"4":1,"5":1,"6":1},"f":{"0":1,"1":0,"2":1,"3":1},"b":{}}
,"C:\\Users\\34645\\Desktop\\202309-w3ch3-carlos-solis\\src\\components\\header.ts": {"path":"C:\\Users\\34645\\Desktop\\202309-w3ch3-carlos-solis\\src\\components\\header.ts","statementMap":{"0":{"start":{"line":1,"column":0},"end":{"line":1,"column":41}},"1":{"start":{"line":5,"column":4},"end":{"line":5,"column":20}},"2":{"start":{"line":6,"column":4},"end":{"line":6,"column":42}},"3":{"start":{"line":7,"column":4},"end":{"line":7,"column":18}},"4":{"start":{"line":13,"column":4},"end":{"line":13,"column":19}},"5":{"start":{"line":17,"column":4},"end":{"line":17,"column":39}},"6":{"start":{"line":3,"column":0},"end":{"line":3,"column":13}}},"fnMap":{"0":{"name":"(anonymous_0)","decl":{"start":{"line":4,"column":2},"end":{"line":4,"column":14}},"loc":{"start":{"line":4,"column":30},"end":{"line":8,"column":3}}},"1":{"name":"(anonymous_1)","decl":{"start":{"line":10,"column":2},"end":{"line":10,"column":17}},"loc":{"start":{"line":10,"column":17},"end":{"line":10,"column":22}}},"2":{"name":"(anonymous_2)","decl":{"start":{"line":12,"column":2},"end":{"line":12,"column":8}},"loc":{"start":{"line":12,"column":8},"end":{"line":14,"column":3}}},"3":{"name":"(anonymous_3)","decl":{"start":{"line":16,"column":2},"end":{"line":16,"column":16}},"loc":{"start":{"line":16,"column":16},"end":{"line":18,"column":3}}}},"branchMap":{},"s":{"0":1,"1":1,"2":1,"3":1,"4":1,"5":1,"6":1},"f":{"0":1,"1":0,"2":1,"3":1},"b":{}}
}
